<?xml version="1.0" encoding="UTF-8"?>
<!-- Generated by org.testng.reporters.JUnitXMLReporter -->
<testsuite hostname="Admins-MacBook-Air-2.local" ignored="33" name="TestNG Test0" tests="3" failures="1" timestamp="19 Jul 2019 12:47:18 GMT" time="275.167" errors="0">
  <testcase name="AR64_cameraPostFunctionality" time="85.141" classname="co.sharechat.test.CreatePostTests"/>
  <testcase name="AR65_cameraPostCloseButtonFunctionality" time="89.26" classname="co.sharechat.test.CreatePostTests"/>
  <testcase name="AR69_cameraPostVideoSpeedFunctionality" time="89.586" classname="co.sharechat.test.CreatePostTests">
    <failure type="java.lang.AssertionError" message="Popup should be closed expected [false] but found [true]">
      <![CDATA[java.lang.AssertionError: Popup should be closed expected [false] but found [true]
	at org.testng.Assert.fail(Assert.java:93)
	at org.testng.Assert.failNotEquals(Assert.java:512)
	at org.testng.Assert.assertFalse(Assert.java:62)
	at co.sharechat.test.CreatePostTests.AR69_cameraPostVideoSpeedFunctionality(CreatePostTests.java:1069)
	at sun.reflect.NativeMethodAccessorImpl.invoke0(Native Method)
	at sun.reflect.NativeMethodAccessorImpl.invoke(NativeMethodAccessorImpl.java:62)
	at sun.reflect.DelegatingMethodAccessorImpl.invoke(DelegatingMethodAccessorImpl.java:43)
	at java.lang.reflect.Method.invoke(Method.java:498)
	at org.testng.internal.MethodInvocationHelper.invokeMethod(MethodInvocationHelper.java:108)
	at org.testng.internal.Invoker.invokeMethod(Invoker.java:661)
	at org.testng.internal.Invoker.invokeTestMethod(Invoker.java:869)
	at org.testng.internal.Invoker.invokeTestMethods(Invoker.java:1193)
	at org.testng.internal.TestMethodWorker.invokeTestMethods(TestMethodWorker.java:126)
	at org.testng.internal.TestMethodWorker.run(TestMethodWorker.java:109)
	at org.testng.TestRunner.privateRun(TestRunner.java:744)
	at org.testng.TestRunner.run(TestRunner.java:602)
	at org.testng.SuiteRunner.runTest(SuiteRunner.java:380)
	at org.testng.SuiteRunner.access$000(SuiteRunner.java:39)
	at org.testng.SuiteRunner$SuiteWorker.run(SuiteRunner.java:414)
	at org.testng.internal.thread.ThreadUtil$1.call(ThreadUtil.java:52)
	at java.util.concurrent.FutureTask.run(FutureTask.java:266)
	at java.util.concurrent.ThreadPoolExecutor.runWorker(ThreadPoolExecutor.java:1149)
	at java.util.concurrent.ThreadPoolExecutor$Worker.run(ThreadPoolExecutor.java:624)
	at java.lang.Thread.run(Thread.java:748)
]]>
    </failure>
  </testcase> <!-- AR69_cameraPostVideoSpeedFunctionality -->
  <testcase name="AR63_textPostWithMultipleFollowersFriends" time="0.0" classname="co.sharechat.test.CreatePostTests">
    <ignored/>
  </testcase> <!-- AR63_textPostWithMultipleFollowersFriends -->
  <testcase name="TC004_createPollPost" time="0.0" classname="co.sharechat.test.CreatePostTests">
    <ignored/>
  </testcase> <!-- TC004_createPollPost -->
  <testcase name="TC041_textPostUsedTag" time="0.0" classname="co.sharechat.test.CreatePostTests">
    <ignored/>
  </testcase> <!-- TC041_textPostUsedTag -->
  <testcase name="TC040_trendingBucketsOnPost" time="0.0" classname="co.sharechat.test.CreatePostTests">
    <ignored/>
  </testcase> <!-- TC040_trendingBucketsOnPost -->
  <testcase name="TC047_textPostWithExternalLink" time="0.0" classname="co.sharechat.test.CreatePostTests">
    <ignored/>
  </testcase> <!-- TC047_textPostWithExternalLink -->
  <testcase name="AR57_textPostWithMultipleTags" time="0.0" classname="co.sharechat.test.CreatePostTests">
    <ignored/>
  </testcase> <!-- AR57_textPostWithMultipleTags -->
  <testcase name="AR62_textPostWithSingleFollowerFriend" time="0.0" classname="co.sharechat.test.CreatePostTests">
    <ignored/>
  </testcase> <!-- AR62_textPostWithSingleFollowerFriend -->
  <testcase name="TC045_createPostWithUserProfileShare" time="0.0" classname="co.sharechat.test.CreatePostTests">
    <ignored/>
  </testcase> <!-- TC045_createPostWithUserProfileShare -->
  <testcase name="TC050_textPostWithAnyDefaultP" time="0.0" classname="co.sharechat.test.CreatePostTests">
    <ignored/>
  </testcase> <!-- TC050_textPostWithAnyDefaultP -->
  <testcase name="TC030_textPosts" time="0.0" classname="co.sharechat.test.CreatePostTests">
    <ignored/>
  </testcase> <!-- TC030_textPosts -->
  <testcase name="AR59_textPostWithMultipleFriends" time="0.0" classname="co.sharechat.test.CreatePostTests">
    <ignored/>
  </testcase> <!-- AR59_textPostWithMultipleFriends -->
  <testcase name="TC031_textPostsCloseFunctionality" time="0.0" classname="co.sharechat.test.CreatePostTests">
    <ignored/>
  </testcase> <!-- TC031_textPostsCloseFunctionality -->
  <testcase name="TC032_textPostsCheckMarkFunctionality" time="0.0" classname="co.sharechat.test.CreatePostTests">
    <ignored/>
  </testcase> <!-- TC032_textPostsCheckMarkFunctionality -->
  <testcase name="AR53_textPostWithAllowPermission" time="0.0" classname="co.sharechat.test.CreatePostTests">
    <ignored/>
  </testcase> <!-- AR53_textPostWithAllowPermission -->
  <testcase name="TC003_createCameraBackgroundTextPost" time="0.0" classname="co.sharechat.test.CreatePostTests">
    <ignored/>
  </testcase> <!-- TC003_createCameraBackgroundTextPost -->
  <testcase name="TC035_textPostAllowPermission" time="0.0" classname="co.sharechat.test.CreatePostTests">
    <ignored/>
  </testcase> <!-- TC035_textPostAllowPermission -->
  <testcase name="AR52_textPostWithCameraBackground" time="0.0" classname="co.sharechat.test.CreatePostTests">
    <ignored/>
  </testcase> <!-- AR52_textPostWithCameraBackground -->
  <testcase name="TC048_textPostWithColorBG" time="0.0" classname="co.sharechat.test.CreatePostTests">
    <ignored/>
  </testcase> <!-- TC048_textPostWithColorBG -->
  <testcase name="TC042_textPostWithExternalLink" time="0.0" classname="co.sharechat.test.CreatePostTests">
    <ignored/>
  </testcase> <!-- TC042_textPostWithExternalLink -->
  <testcase name="TC044_creatingLinkPostWithShareChatTag" time="0.0" classname="co.sharechat.test.CreatePostTests">
    <ignored/>
  </testcase> <!-- TC044_creatingLinkPostWithShareChatTag -->
  <testcase name="TC043_textPostWithExternalLink" time="0.0" classname="co.sharechat.test.CreatePostTests">
    <ignored/>
  </testcase> <!-- TC043_textPostWithExternalLink -->
  <testcase name="TC034_textPostSimpleText" time="0.0" classname="co.sharechat.test.CreatePostTests">
    <ignored/>
  </testcase> <!-- TC034_textPostSimpleText -->
  <testcase name="TC033_textPostWithoutBG" time="0.0" classname="co.sharechat.test.CreatePostTests">
    <ignored/>
  </testcase> <!-- TC033_textPostWithoutBG -->
  <testcase name="AR58_textPostWithSingleFriend" time="0.0" classname="co.sharechat.test.CreatePostTests">
    <ignored/>
  </testcase> <!-- AR58_textPostWithSingleFriend -->
  <testcase name="TC036_textPostDenyPermission" time="0.0" classname="co.sharechat.test.CreatePostTests">
    <ignored/>
  </testcase> <!-- TC036_textPostDenyPermission -->
  <testcase name="AR54_textPostWithDenyPermissionWithColorBG" time="0.0" classname="co.sharechat.test.CreatePostTests">
    <ignored/>
  </testcase> <!-- AR54_textPostWithDenyPermissionWithColorBG -->
  <testcase name="AR56_textPostWithCreateNewTag" time="0.0" classname="co.sharechat.test.CreatePostTests">
    <ignored/>
  </testcase> <!-- AR56_textPostWithCreateNewTag -->
  <testcase name="AR61_textPostWithMultipleFollowingFriends" time="0.0" classname="co.sharechat.test.CreatePostTests">
    <ignored/>
  </testcase> <!-- AR61_textPostWithMultipleFollowingFriends -->
  <testcase name="TC001_createTextPost" time="0.0" classname="co.sharechat.test.CreatePostTests">
    <ignored/>
  </testcase> <!-- TC001_createTextPost -->
  <testcase name="TC049_textPostWithAnyDefaultPicturesBG" time="0.0" classname="co.sharechat.test.CreatePostTests">
    <ignored/>
  </testcase> <!-- TC049_textPostWithAnyDefaultPicturesBG -->
  <testcase name="AR60_textPostWithSingleFollowingFriend" time="0.0" classname="co.sharechat.test.CreatePostTests">
    <ignored/>
  </testcase> <!-- AR60_textPostWithSingleFollowingFriend -->
  <testcase name="TC002_createBackgroundTextPost" time="0.0" classname="co.sharechat.test.CreatePostTests">
    <ignored/>
  </testcase> <!-- TC002_createBackgroundTextPost -->
  <testcase name="AR55_textPostWithSingleTag" time="0.0" classname="co.sharechat.test.CreatePostTests">
    <ignored/>
  </testcase> <!-- AR55_textPostWithSingleTag -->
</testsuite> <!-- TestNG Test0 -->
