<?xml version="1.0" encoding="UTF-8"?>
<testng-results skipped="0" failed="1" ignored="33" total="36" passed="2">
  <reporter-output>
  </reporter-output>
  <suite name="TestNG Forum" duration-ms="275167" started-at="2019-07-19T12:42:37Z" finished-at="2019-07-19T12:47:13Z">
    <groups>
      <group name="Creation">
        <method signature="CreatePostTests.AR64_cameraPostFunctionality()[pri:0, instance:co.sharechat.test.CreatePostTests@6c64cb25]" name="AR64_cameraPostFunctionality" class="co.sharechat.test.CreatePostTests"/>
        <method signature="CreatePostTests.AR65_cameraPostCloseButtonFunctionality()[pri:0, instance:co.sharechat.test.CreatePostTests@6c64cb25]" name="AR65_cameraPostCloseButtonFunctionality" class="co.sharechat.test.CreatePostTests"/>
        <method signature="CreatePostTests.AR69_cameraPostVideoSpeedFunctionality()[pri:0, instance:co.sharechat.test.CreatePostTests@6c64cb25]" name="AR69_cameraPostVideoSpeedFunctionality" class="co.sharechat.test.CreatePostTests"/>
      </group> <!-- Creation -->
      <group name="RegressionTest">
        <method signature="CreatePostTests.AR64_cameraPostFunctionality()[pri:0, instance:co.sharechat.test.CreatePostTests@6c64cb25]" name="AR64_cameraPostFunctionality" class="co.sharechat.test.CreatePostTests"/>
        <method signature="CreatePostTests.AR65_cameraPostCloseButtonFunctionality()[pri:0, instance:co.sharechat.test.CreatePostTests@6c64cb25]" name="AR65_cameraPostCloseButtonFunctionality" class="co.sharechat.test.CreatePostTests"/>
        <method signature="CreatePostTests.AR69_cameraPostVideoSpeedFunctionality()[pri:0, instance:co.sharechat.test.CreatePostTests@6c64cb25]" name="AR69_cameraPostVideoSpeedFunctionality" class="co.sharechat.test.CreatePostTests"/>
      </group> <!-- RegressionTest -->
    </groups>
    <test name="TestNG Test0" duration-ms="275167" started-at="2019-07-19T12:42:37Z" finished-at="2019-07-19T12:47:13Z">
      <class name="co.sharechat.test.CreatePostTests">
        <test-method status="PASS" signature="AR64_cameraPostFunctionality()[pri:0, instance:co.sharechat.test.CreatePostTests@6c64cb25]" name="AR64_cameraPostFunctionality" duration-ms="85141" started-at="2019-07-19T18:12:39Z" description="Verify Camera button functionality from Creation POPUP" finished-at="2019-07-19T18:14:04Z">
          <reporter-output>
          </reporter-output>
        </test-method> <!-- AR64_cameraPostFunctionality -->
        <test-method status="PASS" signature="AR65_cameraPostCloseButtonFunctionality()[pri:0, instance:co.sharechat.test.CreatePostTests@6c64cb25]" name="AR65_cameraPostCloseButtonFunctionality" duration-ms="89260" started-at="2019-07-19T18:14:07Z" description="Verify Close button functionality from camera screen" finished-at="2019-07-19T18:15:36Z">
          <reporter-output>
          </reporter-output>
        </test-method> <!-- AR65_cameraPostCloseButtonFunctionality -->
        <test-method status="FAIL" signature="AR69_cameraPostVideoSpeedFunctionality()[pri:0, instance:co.sharechat.test.CreatePostTests@6c64cb25]" name="AR69_cameraPostVideoSpeedFunctionality" duration-ms="89586" started-at="2019-07-19T18:15:38Z" description="Verify video speed button functionality from camera screen" finished-at="2019-07-19T18:17:08Z">
          <exception class="java.lang.AssertionError">
            <message>
              <![CDATA[Popup should be closed expected [false] but found [true]]]>
            </message>
            <full-stacktrace>
              <![CDATA[java.lang.AssertionError: Popup should be closed expected [false] but found [true]
	at org.testng.Assert.fail(Assert.java:93)
	at org.testng.Assert.failNotEquals(Assert.java:512)
	at org.testng.Assert.assertFalse(Assert.java:62)
	at co.sharechat.test.CreatePostTests.AR69_cameraPostVideoSpeedFunctionality(CreatePostTests.java:1069)
	at sun.reflect.NativeMethodAccessorImpl.invoke0(Native Method)
	at sun.reflect.NativeMethodAccessorImpl.invoke(NativeMethodAccessorImpl.java:62)
	at sun.reflect.DelegatingMethodAccessorImpl.invoke(DelegatingMethodAccessorImpl.java:43)
	at java.lang.reflect.Method.invoke(Method.java:498)
	at org.testng.internal.MethodInvocationHelper.invokeMethod(MethodInvocationHelper.java:108)
	at org.testng.internal.Invoker.invokeMethod(Invoker.java:661)
	at org.testng.internal.Invoker.invokeTestMethod(Invoker.java:869)
	at org.testng.internal.Invoker.invokeTestMethods(Invoker.java:1193)
	at org.testng.internal.TestMethodWorker.invokeTestMethods(TestMethodWorker.java:126)
	at org.testng.internal.TestMethodWorker.run(TestMethodWorker.java:109)
	at org.testng.TestRunner.privateRun(TestRunner.java:744)
	at org.testng.TestRunner.run(TestRunner.java:602)
	at org.testng.SuiteRunner.runTest(SuiteRunner.java:380)
	at org.testng.SuiteRunner.access$000(SuiteRunner.java:39)
	at org.testng.SuiteRunner$SuiteWorker.run(SuiteRunner.java:414)
	at org.testng.internal.thread.ThreadUtil$1.call(ThreadUtil.java:52)
	at java.util.concurrent.FutureTask.run(FutureTask.java:266)
	at java.util.concurrent.ThreadPoolExecutor.runWorker(ThreadPoolExecutor.java:1149)
	at java.util.concurrent.ThreadPoolExecutor$Worker.run(ThreadPoolExecutor.java:624)
	at java.lang.Thread.run(Thread.java:748)
]]>
            </full-stacktrace>
          </exception> <!-- java.lang.AssertionError -->
          <reporter-output>
          </reporter-output>
        </test-method> <!-- AR69_cameraPostVideoSpeedFunctionality -->
      </class> <!-- co.sharechat.test.CreatePostTests -->
    </test> <!-- TestNG Test0 -->
  </suite> <!-- TestNG Forum -->
</testng-results>
